<?xml version="1.0" encoding="utf-8"?><testsuites name="pytest tests"><testsuite name="pytest" errors="0" failures="0" skipped="11" tests="409" time="79.383" timestamp="2026-07-21T08:04:41.035282+00:00" hostname="runnervmr7g38"><testcase classname="tests.test_acceptance_check.AcceptanceCheckTests" name="test_missing_vault_is_reported_without_creating_it" time="0.195" /><testcase classname="tests.test_acceptance_check.AcceptanceCheckTests" name="test_report_is_read_only_and_recognizes_export" time="0.076" /><testcase classname="tests.test_acceptance_read_only.ReadOnlyAcceptanceTests" name="test_checker_does_not_create_runtime_directories_or_change_inputs" time="0.042" /><testcase classname="tests.test_acceptance_read_only.ReadOnlyAcceptanceTests" name="test_deep_zip_check_reports_crc_corruption" time="0.042" /><testcase classname="tests.test_acceptance_read_only.ReadOnlyAcceptanceTests" name="test_existing_sqlite_is_opened_without_modifying_it" time="0.100" /><testcase classname="tests.test_acceptance_read_only.ReadOnlyAcceptanceTests" name="test_report_store_writes_only_to_report_directory" time="0.009" /><testcase classname="tests.test_ai_connection_configs.AIConnectionConfigTests" name="test_codex_claude_and_gemini_use_distinct_agent_profiles" time="0.010" /><testcase classname="tests.test_ai_connection_configs.AIConnectionConfigTests" name="test_direct_client_modes_preserve_privacy_boundary" time="0.060" /><testcase classname="tests.test_ai_connection_configs.AIConnectionConfigTests" name="test_generates_configs_without_modifying_external_settings" time="0.010" /><testcase classname="tests.test_ai_connection_configs.AIConnectionConfigTests" name="test_openai_remote_template_does_not_expose_localhost" time="0.009" /><testcase classname="tests.test_ai_context_adapters.AIContextAdapterTests" name="test_context_is_wrapped_as_untrusted_retrieved_data" time="0.001" /><testcase classname="tests.test_ai_context_adapters.AIContextAdapterTests" name="test_envelope_keeps_citations" time="0.001" /><testcase classname="tests.test_ai_context_adapters.AIContextAdapterTests" name="test_openai_anthropic_and_gemini_share_same_memory_revision" time="0.001" /><testcase classname="tests.test_backup_manager.BackupManagerTests" name="test_backup_path_cannot_escape_backup_root" time="0.090" /><testcase classname="tests.test_backup_manager.BackupManagerTests" name="test_metadata_backup_is_created_and_verified" time="0.142" /><testcase classname="tests.test_backup_manager.BackupManagerTests" name="test_restore_is_staged_without_overwriting_vault" time="0.155" /><testcase classname="tests.test_backup_manager.BackupManagerTests" name="test_restore_rejects_wrong_confirmation" time="0.165" /><testcase classname="tests.test_brain_status_e2e.TestBrainStatusApiContract" name="test_brain_status_endpoint" time="0.090" /><testcase classname="tests.test_brain_status_e2e.TestBrainStatusApiContract" name="test_overview_endpoint" time="0.083" /><testcase classname="tests.test_brain_status_e2e.TestBrainStatusApiContract" name="test_local_control_token_is_required" time="0.082" /><testcase classname="tests.test_brain_status_e2e.TestBrainStatusApiContract" name="test_frontend_dist_exists" time="0.001"><skipped type="pytest.skip" message="Frontend dist not built – run UI build first">D:\a\lingji\lingji\tests\test_brain_status_e2e.py:86: Frontend dist not built – run UI build first</skipped></testcase><testcase classname="tests.test_capture_adapters" name="test_registry_default_does_not_wrap_unknown_adapter" time="0.001" /><testcase classname="tests.test_capture_adapters" name="test_codex_adapter_emits_structured_source_without_changing_markdown" time="0.001" /><testcase classname="tests.test_capture_adapters" name="test_web_adapter_emits_structured_source_and_keeps_document_body" time="0.001" /><testcase classname="tests.test_capture_adapters" name="test_media_adapter_emits_structured_source_without_exposing_input_path_in_contract" time="0.008" /><testcase classname="tests.test_capture_adapters" name="test_existing_structured_output_is_not_replaced_when_fallback_enabled" time="0.001" /><testcase classname="tests.test_capture_api" name="test_capture_routes_require_token" time="0.082" /><testcase classname="tests.test_capture_api" name="test_capture_submission_status_codes_and_share_forwarding" time="0.085" /><testcase classname="tests.test_capture_api" name="test_capture_status_pagination_pause_resume_and_errors" time="0.090" /><testcase classname="tests.test_capture_api" name="test_invalid_capture_payload_returns_422" time="0.082" /><testcase classname="tests.test_capture_api" name="test_capture_http_contract_matches_desktop_client" time="0.086" /><testcase classname="tests.test_capture_control" name="test_all_capture_inputs_enqueue_and_service_is_long_lived" time="0.159" /><testcase classname="tests.test_capture_control" name="test_duplicate_returns_same_job_and_audit_event" time="0.077" /><testcase classname="tests.test_capture_control" name="test_capture_mode_persists_pause_rejects_and_resume_restores" time="0.094" /><testcase classname="tests.test_capture_control" name="test_queue_pagination_filtering_cancel_retry_and_conflicts" time="0.345" /><testcase classname="tests.test_capture_control" name="test_job_dto_is_sanitized_and_uses_basename" time="0.234" /><testcase classname="tests.test_capture_control" name="test_audit_failure_does_not_break_operations" time="0.136" /><testcase classname="tests.test_capture_models" name="test_capture_envelope_is_frozen_and_supports_text_without_url" time="0.001" /><testcase classname="tests.test_capture_models" name="test_capture_status_values_are_stable" time="0.001" /><testcase classname="tests.test_capture_policy" name="test_default_policy_is_low_risk" time="0.001" /><testcase classname="tests.test_capture_policy" name="test_low_power_does_not_allow_heavy_media" time="0.000" /><testcase classname="tests.test_capture_policy" name="test_paused_policy_disables_vectorization" time="0.001" /><testcase classname="tests.test_capture_policy" name="test_folder_watcher_rejects_filesystem_root" time="0.001" /><testcase classname="tests.test_capture_service" name="test_low_power_queues_web_and_media" time="0.001" /><testcase classname="tests.test_capture_service" name="test_manual_helpers_queue_under_normal_policy" time="0.006" /><testcase classname="tests.test_capture_service" name="test_explicit_non_manual_realtime_envelope_can_execute" time="0.001" /><testcase classname="tests.test_capture_service" name="test_process_later_forces_enqueue_under_normal_policy" time="0.001" /><testcase classname="tests.test_capture_service" name="test_paused_service_rejects_processing" time="0.001" /><testcase classname="tests.test_capture_service" name="test_normalized_url_and_manual_text_are_deduplicated" time="0.001" /><testcase classname="tests.test_capture_service" name="test_file_hash_changes_allow_new_capture" time="0.004" /><testcase classname="tests.test_capture_service" name="test_enqueue_failure_does_not_poison_deduplication" time="0.001" /><testcase classname="tests.test_capture_service" name="test_execute_failure_does_not_poison_deduplication" time="0.001" /><testcase classname="tests.test_capture_service" name="test_successful_submit_is_remembered_only_after_pipeline_success" time="0.001" /><testcase classname="tests.test_capture_service" name="test_nested_sensitive_metadata_is_rejected[token]" time="0.001" /><testcase classname="tests.test_capture_service" name="test_nested_sensitive_metadata_is_rejected[cookie]" time="0.001" /><testcase classname="tests.test_capture_service" name="test_nested_sensitive_metadata_is_rejected[api_key]" time="0.001" /><testcase classname="tests.test_capture_service" name="test_nested_sensitive_metadata_is_rejected[apikey]" time="0.001" /><testcase classname="tests.test_capture_service" name="test_metadata_cannot_override_capture_contract[source_type]" time="0.001" /><testcase classname="tests.test_capture_service" name="test_metadata_cannot_override_capture_contract[capture_method]" time="0.001" /><testcase classname="tests.test_capture_service" name="test_metadata_cannot_override_capture_contract[adapter_name]" time="0.001" /><testcase classname="tests.test_capture_service" name="test_metadata_cannot_override_capture_contract[input_path]" time="0.001" /><testcase classname="tests.test_capture_service" name="test_metadata_cannot_override_capture_contract[privacy]" time="0.001" /><testcase classname="tests.test_capture_service" name="test_metadata_cannot_override_capture_contract[project_ids]" time="0.001" /><testcase classname="tests.test_capture_service" name="test_metadata_cannot_override_capture_contract[tags]" time="0.001" /><testcase classname="tests.test_capture_service" name="test_metadata_cannot_override_capture_contract[priority]" time="0.001" /><testcase classname="tests.test_capture_service" name="test_explicit_share_fields_are_forwarded_without_metadata_shadowing" time="0.001" /><testcase classname="tests.test_capture_service" name="test_codex_messages_link_to_their_own_memories_and_skip_only_missing" time="0.002" /><testcase classname="tests.test_chatgpt_importer.ChatGPTImporterTests" name="test_conversation_limit_is_enforced_for_zip_exports" time="0.211" /><testcase classname="tests.test_chatgpt_importer.ChatGPTImporterTests" name="test_import_json_through_queue" time="0.288" /><testcase classname="tests.test_chatgpt_importer.ChatGPTImporterTests" name="test_import_zip_and_deduplicate_enqueue" time="0.290" /><testcase classname="tests.test_chatgpt_importer.ChatGPTImporterTests" name="test_same_export_with_different_project_is_distinct" time="0.226" /><testcase classname="tests.test_chatgpt_importer.ChatGPTImporterTests" name="test_sensitive_conversation_goes_to_private_imports" time="0.262" /><testcase classname="tests.test_chatgpt_importer.ChatGPTImporterTests" name="test_single_json_size_limit_is_enforced" time="0.209" /><testcase classname="tests.test_codex_writeback.CodexWritebackTests" name="test_new_execution_keeps_previous_report" time="0.408" /><testcase classname="tests.test_codex_writeback.CodexWritebackTests" name="test_repeated_write_is_idempotent" time="0.396" /><testcase classname="tests.test_codex_writeback.CodexWritebackTests" name="test_writes_report_and_candidates" time="0.285" /><testcase classname="tests.test_control_api.ControlApiTests" name="test_mcp_status_exposes_configuration_without_claiming_running_state" time="0.225" /><testcase classname="tests.test_control_api.ControlApiTests" name="test_memory_vector_and_coverage_endpoints_return_shared_snapshot" time="18.221" /><testcase classname="tests.test_control_api.ControlApiTests" name="test_settings_can_be_read_updated_and_reset" time="0.837" /><testcase classname="tests.test_control_api.ControlApiTests" name="test_token_is_required" time="0.520" /><testcase classname="tests.test_control_api_extended.ExtendedControlApiTests" name="test_acceptance_run_is_read_only_and_listed" time="0.765" /><testcase classname="tests.test_control_api_extended.ExtendedControlApiTests" name="test_backup_create_verify_and_stage_restore" time="0.934" /><testcase classname="tests.test_control_api_extended.ExtendedControlApiTests" name="test_overview_jobs_logs_and_providers" time="5.428" /><testcase classname="tests.test_control_api_extended.ExtendedControlApiTests" name="test_storage_and_media_settings_support_boolean_choice_and_string" time="0.671" /><testcase classname="tests.test_control_api_extended.ExtendedControlApiTests" name="test_storage_plan_execute_and_restore_requires_confirmation" time="0.913" /><testcase classname="tests.test_desktop.DesktopWindowTests" name="test_close_stops_backend" time="0.001"><skipped type="pytest.skip" message="PySide6 not installed - old desktop UI replaced by Tauri">D:\a\lingji\lingji\tests\test_desktop.py:74: PySide6 not installed - old desktop UI replaced by Tauri</skipped></testcase><testcase classname="tests.test_desktop.DesktopWindowTests" name="test_desktop_ui_is_runnable" time="0.001"><skipped type="pytest.skip" message="PySide6 not installed - old desktop UI replaced by Tauri">D:\a\lingji\lingji\tests\test_desktop.py:80: PySide6 not installed - old desktop UI replaced by Tauri</skipped></testcase><testcase classname="tests.test_desktop.DesktopWindowTests" name="test_status_display" time="0.001"><skipped type="pytest.skip" message="PySide6 not installed - old desktop UI replaced by Tauri">D:\a\lingji\lingji\tests\test_desktop.py:68: PySide6 not installed - old desktop UI replaced by Tauri</skipped></testcase><testcase classname="tests.test_desktop.DesktopWindowTests" name="test_window_title" time="0.000"><skipped type="pytest.skip" message="PySide6 not installed - old desktop UI replaced by Tauri">D:\a\lingji\lingji\tests\test_desktop.py:65: PySide6 not installed - old desktop UI replaced by Tauri</skipped></testcase><testcase classname="tests.test_embedder_fallback.EmbedderFallbackTests" name="test_fallback_model_is_used_without_attribute_error" time="0.002" /><testcase classname="tests.test_embedder_fallback.EmbedderFallbackTests" name="test_same_primary_and_fallback_only_attempt_once" time="0.001" /><testcase classname="tests.test_embedding_provider.EmbeddingProviderTests" name="test_all_models_fail_with_explicit_error" time="0.001" /><testcase classname="tests.test_embedding_provider.EmbeddingProviderTests" name="test_close_releases_transport" time="0.001" /><testcase classname="tests.test_embedding_provider.EmbeddingProviderTests" name="test_embed_many_respects_batch_size" time="0.001" /><testcase classname="tests.test_embedding_provider.EmbeddingProviderTests" name="test_factory_can_disable_provider" time="0.001" /><testcase classname="tests.test_embedding_provider.EmbeddingProviderTests" name="test_factory_rejects_unknown_provider" time="0.001" /><testcase classname="tests.test_embedding_provider.EmbeddingProviderTests" name="test_factory_uses_settings_and_runtime_overrides" time="0.001" /><testcase classname="tests.test_embedding_provider.EmbeddingProviderTests" name="test_initial_status_is_configured_but_not_verified" time="0.001" /><testcase classname="tests.test_embedding_provider.EmbeddingProviderTests" name="test_invalid_or_empty_input_is_rejected" time="0.001" /><testcase classname="tests.test_embedding_provider.EmbeddingProviderTests" name="test_invalid_provider_configuration_is_rejected" time="0.001" /><testcase classname="tests.test_embedding_provider.EmbeddingProviderTests" name="test_legacy_embeddings_endpoint_is_supported" time="0.001" /><testcase classname="tests.test_embedding_provider.EmbeddingProviderTests" name="test_primary_failure_uses_fallback" time="0.001" /><testcase classname="tests.test_embedding_provider.EmbeddingProviderTests" name="test_primary_model_success_records_dimension" time="0.001" /><testcase classname="tests.test_embedding_provider.EmbeddingProviderTests" name="test_reset_failures_retries_primary" time="0.001" /><testcase classname="tests.test_extraction_hardening.ExtractionHardeningTests" name="test_force_requeue_refreshes_same_job_parameters" time="1.016" /><testcase classname="tests.test_extraction_hardening.ExtractionHardeningTests" name="test_lease_token_blocks_stale_worker_completion" time="0.821" /><testcase classname="tests.test_extraction_hardening.ExtractionHardeningTests" name="test_options_are_part_of_idempotency" time="0.715" /><testcase classname="tests.test_extraction_hardening.ExtractionHardeningTests" name="test_sink_preserves_owner_review_and_manual_notes" time="0.127" /><testcase classname="tests.test_extraction_queue.SQLiteExtractionQueueTests" name="test_cancel_only_accepts_queued_or_retrying" time="0.454" /><testcase classname="tests.test_extraction_queue.SQLiteExtractionQueueTests" name="test_claim_complete" time="0.364" /><testcase classname="tests.test_extraction_queue.SQLiteExtractionQueueTests" name="test_enqueue_is_idempotent" time="0.274" /><testcase classname="tests.test_extraction_queue.SQLiteExtractionQueueTests" name="test_failure_retries_then_fails" time="0.562" /><testcase classname="tests.test_extraction_queue.SQLiteExtractionQueueTests" name="test_force_requeues_terminal_job" time="0.491" /><testcase classname="tests.test_extraction_queue.SQLiteExtractionQueueTests" name="test_list_page_and_count_use_sql_filters_and_offsets" time="0.465" /><testcase classname="tests.test_extraction_queue.SQLiteExtractionQueueTests" name="test_release_stale" time="0.425" /><testcase classname="tests.test_extraction_queue.SQLiteExtractionQueueTests" name="test_retry_resets_failed_and_cancelled_jobs" time="0.941" /><testcase classname="tests.test_extraction_worker.ExtractionWorkerTests" name="test_worker_processes_queue_and_stops" time="0.552" /><testcase classname="tests.test_feedback_inbox.FeedbackInboxTests" name="test_feedback_is_read_from_owner_controlled_note" time="0.006" /><testcase classname="tests.test_feedback_inbox.FeedbackInboxTests" name="test_same_feedback_is_not_duplicated_on_repeated_reads" time="0.005" /><testcase classname="tests.test_hardware_capability.HardwareCapabilityTests" name="test_capability_snapshot_uses_real_sources_and_never_claims_model_compatibility" time="0.004" /><testcase classname="tests.test_hardware_capability.HardwareCapabilityTests" name="test_control_api_exposes_hardware_telemetry_and_compute_policy" time="0.235" /><testcase classname="tests.test_hardware_capability.HardwareCapabilityTests" name="test_gpu_probe_respects_minimum_interval_across_capability_and_telemetry_reads" time="0.004" /><testcase classname="tests.test_hardware_capability.HardwareCapabilityTests" name="test_missing_gpu_and_optional_dependencies_degrade_to_cpu_without_crashing" time="0.004" /><testcase classname="tests.test_hardware_capability.HardwareCapabilityTests" name="test_runtime_settings_expose_compute_defaults_and_update_real_cache_policy" time="0.126" /><testcase classname="tests.test_incremental_index_sync.IncrementalIndexSyncTests" name="test_changed_and_removed_files_are_synchronized" time="0.104" /><testcase classname="tests.test_incremental_index_sync.IncrementalIndexSyncTests" name="test_memory_database_only_updates_changed_documents" time="0.292" /><testcase classname="tests.test_incremental_index_sync.IncrementalIndexSyncTests" name="test_unchanged_files_are_not_reparsed" time="0.093" /><testcase classname="tests.test_integrity_checker.IntegrityCheckerTests" name="test_detects_missing_source_broken_link_and_orphan" time="0.004" /><testcase classname="tests.test_integrity_checker.IntegrityCheckerTests" name="test_private_leak_is_unhealthy" time="0.003" /><testcase classname="tests.test_lingji_tools" name="test_tool_result_success" time="0.000" /><testcase classname="tests.test_lingji_tools" name="test_tool_result_failure" time="0.000" /><testcase classname="tests.test_lingji_tools" name="test_tool_result_defaults" time="0.000" /><testcase classname="tests.test_lingji_tools" name="test_build_frontmatter_basic" time="0.000" /><testcase classname="tests.test_lingji_tools" name="test_build_frontmatter_custom" time="0.000" /><testcase classname="tests.test_lingji_tools" name="test_render_frontmatter" time="0.001" /><testcase classname="tests.test_lingji_tools" name="test_render_frontmatter_no_tags" time="0.000" /><testcase classname="tests.test_lingji_tools" name="test_search_notes" time="0.002" /><testcase classname="tests.test_lingji_tools" name="test_search_no_results" time="0.002" /><testcase classname="tests.test_lingji_tools" name="test_read_note" time="0.002" /><testcase classname="tests.test_lingji_tools" name="test_read_note_cli_error" time="0.003" /><testcase classname="tests.test_lingji_tools" name="test_create_note" time="0.084" /><testcase classname="tests.test_lingji_tools" name="test_create_note_dry_run" time="0.002" /><testcase classname="tests.test_lingji_tools" name="test_append_note" time="0.002" /><testcase classname="tests.test_lingji_tools" name="test_append_note_dry_run" time="0.002" /><testcase classname="tests.test_lingji_tools" name="test_append_daily" time="0.002" /><testcase classname="tests.test_lingji_tools" name="test_append_daily_dry_run" time="0.002" /><testcase classname="tests.test_lingji_tools" name="test_list_tasks" time="0.002" /><testcase classname="tests.test_lingji_tools" name="test_list_tasks_todo" time="0.002" /><testcase classname="tests.test_lingji_tools" name="test_list_tags" time="0.003" /><testcase classname="tests.test_lingji_tools" name="test_get_vault_info" time="0.002" /><testcase classname="tests.test_lingji_tools" name="test_cli_not_available" time="0.001" /><testcase classname="tests.test_lingji_tools" name="test_health_check" time="0.002" /><testcase classname="tests.test_lingji_tools" name="test_health_check_broken" time="0.001" /><testcase classname="tests.test_lingji_tools" name="test_get_system_status" time="0.002" /><testcase classname="tests.test_lingji_tools" name="test_get_system_status_broken" time="0.001" /><testcase classname="tests.test_lingji_tools" name="test_create_knowledge_entry" time="0.002" /><testcase classname="tests.test_lingji_tools" name="test_create_knowledge_entry_dry_run" time="0.002" /><testcase classname="tests.test_lingji_tools" name="test_create_ai_news_entry" time="0.002" /><testcase classname="tests.test_lingji_tools" name="test_create_opportunity_entry" time="0.002" /><testcase classname="tests.test_lingji_tools" name="test_create_opportunity_entry_score_clamp" time="0.002" /><testcase classname="tests.test_lingji_tools" name="test_operation_log" time="0.003" /><testcase classname="tests.test_lingji_tools" name="test_config_from_env" time="0.001" /><testcase classname="tests.test_manual_capture" name="test_manual_helpers_use_formal_methods_and_queue_by_default" time="0.004" /><testcase classname="tests.test_manual_capture" name="test_chatgpt_zip_json_and_directory_classification" time="0.004" /><testcase classname="tests.test_manual_capture" name="test_codex_requires_explicit_mode_and_plain_json_is_web" time="0.006" /><testcase classname="tests.test_manual_capture" name="test_html_txt_url_and_raw_html_map_to_web" time="0.003" /><testcase classname="tests.test_manual_capture" name="test_media_extensions_use_existing_media_adapter" time="0.005" /><testcase classname="tests.test_manual_capture" name="test_unsupported_files_return_stable_code[file.pdf]" time="0.030" /><testcase classname="tests.test_manual_capture" name="test_unsupported_files_return_stable_code[file.docx]" time="0.002" /><testcase classname="tests.test_manual_capture" name="test_unsupported_files_return_stable_code[file.xlsx]" time="0.002" /><testcase classname="tests.test_manual_capture" name="test_unsupported_files_return_stable_code[file.pptx]" time="0.002" /><testcase classname="tests.test_manual_capture" name="test_unsupported_files_return_stable_code[file.bin]" time="0.004" /><testcase classname="tests.test_manual_capture" name="test_adapter_conflict_is_rejected" time="0.002" /><testcase classname="tests.test_manual_capture" name="test_metadata_cannot_override_manual_contract" time="0.002" /><testcase classname="tests.test_manual_capture" name="test_media_requests_cannot_bypass_low_power_policy" time="0.003" /><testcase classname="tests.test_manual_capture" name="test_deferred_capabilities_are_disabled" time="0.001" /><testcase classname="tests.test_manual_capture" name="test_missing_path_error_does_not_expose_absolute_path" time="0.006" /><testcase classname="tests.test_manual_capture" name="test_long_manual_text_does_not_fail_path_probe" time="0.001" /><testcase classname="tests.test_manual_capture" name="test_local_control_share_capability_remains_enabled" time="0.000" /><testcase classname="tests.test_mcp_server.McpPortContractTests" name="test_conflicting_ports_are_rejected" time="0.001" /><testcase classname="tests.test_mcp_server.McpPortContractTests" name="test_default_port_contract_is_distinct" time="0.003" /><testcase classname="tests.test_mcp_server.McpPortContractTests" name="test_environment_can_override_mcp_port" time="0.005" /><testcase classname="tests.test_mcp_server.McpPortContractTests" name="test_http_endpoint_uses_dedicated_port" time="0.002" /><testcase classname="tests.test_mcp_server.McpPortContractTests" name="test_occupied_port_returns_clear_error" time="0.001" /><testcase classname="tests.test_mcp_server.McpPortContractTests" name="test_runtime_override_can_change_mcp_transport_and_port" time="0.002" /><testcase classname="tests.test_mcp_server.McpPortContractTests" name="test_status_does_not_claim_process_is_running" time="0.002" /><testcase classname="tests.test_mcp_server.McpPortContractTests" name="test_tauri_defaults_only_to_control_api" time="0.001" /><testcase classname="tests.test_media_extraction.MediaExtractionTests" name="test_duration_limit_rejects_after_probe" time="0.120" /><testcase classname="tests.test_media_extraction.MediaExtractionTests" name="test_ffmpeg_command_uses_owner_configured_threads_and_dimension" time="0.124" /><testcase classname="tests.test_media_extraction.MediaExtractionTests" name="test_input_size_limit_rejects_before_processing" time="0.127" /><testcase classname="tests.test_media_extraction.MediaExtractionTests" name="test_metadata_only_media_requires_review" time="0.129" /><testcase classname="tests.test_media_extraction.MediaExtractionTests" name="test_sensitive_transcript_is_routed_private" time="0.136" /><testcase classname="tests.test_media_extraction.MediaExtractionTests" name="test_video_metadata_and_transcript_are_written" time="0.132" /><testcase classname="tests.test_media_semantic.MediaSemanticTests" name="test_all_enabled_providers_are_persisted" time="0.012" /><testcase classname="tests.test_media_semantic.MediaSemanticTests" name="test_missing_optional_provider_becomes_warning" time="0.006" /><testcase classname="tests.test_media_semantic.MediaSemanticTests" name="test_ocr_without_keyframes_does_not_fail_task" time="0.006" /><testcase classname="tests.test_memory_capability_contract.LexicalMemoryCapabilityContractTests" name="test_core_memory_and_context_pack_use_the_unified_gateway_contract" time="0.764" /><testcase classname="tests.test_memory_capability_contract.LexicalMemoryCapabilityContractTests" name="test_lexical_and_chinese_fallback_return_valid_citations_without_semantic_provider" time="0.559" /><testcase classname="tests.test_memory_capability_contract.LexicalMemoryCapabilityContractTests" name="test_lexical_phase_declares_future_semantic_contracts_without_skipping" time="0.400" /><testcase classname="tests.test_memory_capability_contract.LexicalMemoryCapabilityContractTests" name="test_memory_and_chunk_ids_remain_stable_across_rebuilds" time="0.633" /><testcase classname="tests.test_memory_capability_contract.LexicalMemoryCapabilityContractTests" name="test_production_and_acceptance_data_are_not_cross_visible" time="0.820" /><testcase classname="tests.test_memory_capability_contract.LexicalMemoryCapabilityContractTests" name="test_project_tag_privacy_agent_scope_and_current_status_filters" time="0.751" /><testcase classname="tests.test_memory_index_coordinator.MemoryIndexCoordinatorTests" name="test_content_update_deletes_old_chunk_and_upserts_new_chunk" time="0.126" /><testcase classname="tests.test_memory_index_coordinator.MemoryIndexCoordinatorTests" name="test_force_rebuild_reupserts_all_current_chunks" time="0.142" /><testcase classname="tests.test_memory_index_coordinator.MemoryIndexCoordinatorTests" name="test_initial_sync_upserts_all_lexical_chunks" time="0.083" /><testcase classname="tests.test_memory_index_coordinator.MemoryIndexCoordinatorTests" name="test_lexical_only_mode_remains_supported" time="0.085" /><testcase classname="tests.test_memory_index_coordinator.MemoryIndexCoordinatorTests" name="test_metadata_update_reupserts_stable_chunk_id" time="0.135" /><testcase classname="tests.test_memory_index_coordinator.MemoryIndexCoordinatorTests" name="test_removed_document_deletes_semantic_chunks" time="0.120" /><testcase classname="tests.test_memory_index_coordinator.MemoryIndexCoordinatorTests" name="test_semantic_failure_degrades_without_rolling_back_lexical_index" time="0.087" /><testcase classname="tests.test_memory_index_coordinator.MemoryIndexCoordinatorTests" name="test_unchanged_sync_does_not_repeat_semantic_upsert" time="0.647" /><testcase classname="tests.test_memory_inspector_api.MemoryInspectorApiTests" name="test_all_inspector_routes_are_read_only" time="0.075" /><testcase classname="tests.test_memory_inspector_api.MemoryInspectorApiTests" name="test_authenticated_read_routes_and_pagination" time="0.085" /><testcase classname="tests.test_memory_inspector_api.MemoryInspectorApiTests" name="test_factory_is_direct_api_implementation_without_monkey_patch_marker" time="0.001" /><testcase classname="tests.test_memory_inspector_api.MemoryInspectorApiTests" name="test_missing_entity_returns_404_and_bad_pagination_returns_422" time="0.086" /><testcase classname="tests.test_memory_inspector_api.MemoryInspectorApiTests" name="test_read_model_unavailable_returns_stable_503" time="0.081" /><testcase classname="tests.test_memory_inspector_api.MemoryInspectorApiTests" name="test_sqlite_read_failure_does_not_leak_local_paths" time="0.081" /><testcase classname="tests.test_memory_inspector_api.MemoryInspectorApiTests" name="test_token_is_required" time="0.084" /><testcase classname="tests.test_memory_inspector_api.MemoryInspectorApiTests" name="test_vector_200_response_sanitizes_provider_and_snapshot_errors" time="0.081" /><testcase classname="tests.test_memory_inspector_facade.MemoryInspectorFacadeTests" name="test_live_vector_linkage_returns_boolean_without_raw_vector" time="0.229" /><testcase classname="tests.test_memory_inspector_facade.MemoryInspectorFacadeTests" name="test_memory_detail_contains_chunks_and_citations" time="0.268" /><testcase classname="tests.test_memory_inspector_facade.MemoryInspectorFacadeTests" name="test_memory_list_reuses_canonical_database_and_filters" time="0.196" /><testcase classname="tests.test_memory_inspector_facade.MemoryInspectorFacadeTests" name="test_message_memory_linkage_is_read_only" time="0.176" /><testcase classname="tests.test_memory_inspector_facade.MemoryInspectorFacadeTests" name="test_missing_live_provider_returns_unknown_not_false" time="0.214" /><testcase classname="tests.test_memory_inspector_facade.MemoryInspectorFacadeTests" name="test_production_and_acceptance_database_are_isolated" time="0.311" /><testcase classname="tests.test_memory_inspector_facade.MemoryInspectorFacadeTests" name="test_rebuild_required_none_remains_unknown_at_all_levels" time="0.193" /><testcase classname="tests.test_memory_inspector_facade.MemoryInspectorFacadeTests" name="test_single_memory_inspector_facade_implementation" time="0.195" /><testcase classname="tests.test_memory_inspector_facade.MemoryInspectorFacadeTests" name="test_vector_errors_are_sanitized_without_changing_tristate_contract" time="0.199" /><testcase classname="tests.test_memory_lifecycle.MemoryLifecycleTests" name="test_control_api_context_releases_temporary_sqlite_files" time="0.289" /><testcase classname="tests.test_memory_lifecycle.MemoryLifecycleTests" name="test_memory_database_releases_file_after_each_cycle" time="1.114" /><testcase classname="tests.test_memory_lifecycle.MemoryLifecycleTests" name="test_scheduler_stop_waits_for_running_job_before_database_delete" time="0.119" /><testcase classname="tests.test_memory_retrieval.MemoryRetrievalTests" name="test_chinese_and_english_full_text_search_with_line_citation" time="0.166" /><testcase classname="tests.test_memory_retrieval.MemoryRetrievalTests" name="test_incremental_update_and_remove_change_revision" time="0.230" /><testcase classname="tests.test_memory_retrieval.MemoryRetrievalTests" name="test_project_tag_privacy_and_temporal_filters" time="0.175" /><testcase classname="tests.test_memory_statistics.MemoryStatisticsTests" name="test_lexical_only_mode_is_disabled_not_zero_vector_success" time="0.088" /><testcase classname="tests.test_memory_statistics.MemoryStatisticsTests" name="test_live_snapshot_reports_real_counts_and_persists" time="0.080" /><testcase classname="tests.test_memory_statistics.MemoryStatisticsTests" name="test_missing_snapshot_returns_unknown_values_not_fake_zero" time="0.098" /><testcase classname="tests.test_memory_statistics.MemoryStatisticsTests" name="test_semantic_bootstrap_failure_is_degraded" time="0.084" /><testcase classname="tests.test_memory_statistics.MemoryStatisticsTests" name="test_stale_snapshot_is_explicitly_degraded" time="0.054" /><testcase classname="tests.test_model_inventory.ModelInventoryTests" name="test_configured_missing_models_are_visible_instead_of_silently_disappearing" time="0.004" /><testcase classname="tests.test_model_inventory.ModelInventoryTests" name="test_control_api_exposes_registry_inventory_and_read_only_refresh" time="0.188" /><testcase classname="tests.test_model_inventory.ModelInventoryTests" name="test_inventory_degrades_when_ollama_is_offline" time="0.004" /><testcase classname="tests.test_model_inventory.ModelInventoryTests" name="test_ollama_inventory_uses_official_capabilities_and_separates_install_running_and_compatibility" time="0.004" /><testcase classname="tests.test_model_inventory.ModelInventoryTests" name="test_optional_media_providers_report_package_and_model_location_without_triggering_downloads" time="0.004" /><testcase classname="tests.test_obsidian_cli" name="test_environment_cli_has_highest_priority" time="0.003" /><testcase classname="tests.test_obsidian_cli" name="test_path_discovery_checks_both_supported_names" time="0.003" /><testcase classname="tests.test_obsidian_cli" name="test_windows_standard_locations_are_derived_from_environment[LOCALAPPDATA]" time="0.003" /><testcase classname="tests.test_obsidian_cli" name="test_windows_standard_locations_are_derived_from_environment[ProgramFiles]" time="0.003" /><testcase classname="tests.test_obsidian_cli" name="test_windows_standard_locations_are_derived_from_environment[ProgramFiles(x86)]" time="0.003" /><testcase classname="tests.test_obsidian_cli" name="test_discovery_not_found_is_stable" time="0.001" /><testcase classname="tests.test_obsidian_cli" name="test_vault_priority_workspace_runtime_then_environment" time="0.002" /><testcase classname="tests.test_obsidian_cli" name="test_legacy_vault_environment_remains_supported" time="0.002" /><testcase classname="tests.test_obsidian_cli" name="test_config_from_env_defaults" time="0.001" /><testcase classname="tests.test_obsidian_cli" name="test_source_code_does_not_contain_developer_specific_paths" time="0.001" /><testcase classname="tests.test_obsidian_cli" name="test_synthetic_localappdata_generates_programs_and_direct_path" time="0.001" /><testcase classname="tests.test_obsidian_cli" name="test_candidate_paths_change_when_environment_changes" time="0.001" /><testcase classname="tests.test_obsidian_cli" name="test_vault_name_from_environment_variable" time="0.000" /><testcase classname="tests.test_obsidian_cli" name="test_vault_name_from_vault_path_when_env_not_set" time="0.001" /><testcase classname="tests.test_obsidian_cli" name="test_vault_name_defaults_when_neither_path_nor_env" time="0.000" /><testcase classname="tests.test_obsidian_cli" name="test_resolve_vault_name_env_has_highest_priority" time="0.000" /><testcase classname="tests.test_obsidian_cli" name="test_resolve_vault_name_falls_back_to_path_name" time="0.001" /><testcase classname="tests.test_obsidian_cli" name="test_invalid_timeout_falls_back_to_default" time="0.000" /><testcase classname="tests.test_obsidian_cli" name="test_config_validation_no_cli" time="0.002" /><testcase classname="tests.test_obsidian_cli" name="test_config_validation_ok" time="0.003" /><testcase classname="tests.test_obsidian_cli" name="test_error_hierarchy" time="0.000" /><testcase classname="tests.test_obsidian_cli" name="test_error_message" time="0.000" /><testcase classname="tests.test_obsidian_cli" name="test_sanitize_filename" time="0.001" /><testcase classname="tests.test_obsidian_cli" name="test_validate_path" time="0.001" /><testcase classname="tests.test_obsidian_cli" name="test_dry_run_no_writes" time="0.003" /><testcase classname="tests.test_obsidian_cli" name="test_timeout_is_translated" time="0.005" /><testcase classname="tests.test_obsidian_cli" name="test_non_windows_does_not_require_create_no_window" time="0.003" /><testcase classname="tests.test_obsidian_cli" name="test_argument_injection_is_passed_as_single_argument" time="0.005" /><testcase classname="tests.test_obsidian_cli" name="test_note_dataclass" time="0.000" /><testcase classname="tests.test_obsidian_cli" name="test_vault_info_dataclass" time="0.001" /><testcase classname="tests.test_obsidian_cli.TestRealCli" name="test_version" time="0.000"><skipped type="pytest.skip" message="Obsidian CLI or Vault is not configured">D:\a\lingji\lingji\tests\test_obsidian_cli.py:339: Obsidian CLI or Vault is not configured</skipped></testcase><testcase classname="tests.test_obsidian_cli.TestRealCli" name="test_vault_info" time="0.000"><skipped type="pytest.skip" message="Obsidian CLI or Vault is not configured">D:\a\lingji\lingji\tests\test_obsidian_cli.py:344: Obsidian CLI or Vault is not configured</skipped></testcase><testcase classname="tests.test_obsidian_cli.TestRealCli" name="test_search" time="0.000"><skipped type="pytest.skip" message="Obsidian CLI or Vault is not configured">D:\a\lingji\lingji\tests\test_obsidian_cli.py:350: Obsidian CLI or Vault is not configured</skipped></testcase><testcase classname="tests.test_obsidian_cli.TestRealCli" name="test_list_files" time="0.000"><skipped type="pytest.skip" message="Obsidian CLI or Vault is not configured">D:\a\lingji\lingji\tests\test_obsidian_cli.py:353: Obsidian CLI or Vault is not configured</skipped></testcase><testcase classname="tests.test_obsidian_cli.TestRealCli" name="test_health" time="0.000"><skipped type="pytest.skip" message="Obsidian CLI or Vault is not configured">D:\a\lingji\lingji\tests\test_obsidian_cli.py:356: Obsidian CLI or Vault is not configured</skipped></testcase><testcase classname="tests.test_obsidian_cli_behavior" name="test_read_error_output_is_reported_as_missing_note" time="0.003" /><testcase classname="tests.test_obsidian_cli_behavior" name="test_search_no_matches_returns_empty_list" time="0.003" /><testcase classname="tests.test_obsidian_cli_behavior" name="test_create_verifies_content_without_touching_real_vault" time="0.003" /><testcase classname="tests.test_obsidian_management.ObsidianManagementTests" name="test_interaction_manager_creates_valid_bases_and_guides" time="0.185" /><testcase classname="tests.test_obsidian_management.ObsidianManagementTests" name="test_link_command_creates_bidirectional_relationship" time="0.174" /><testcase classname="tests.test_obsidian_management.ObsidianManagementTests" name="test_managed_generator_preserves_user_owned_files" time="0.160" /><testcase classname="tests.test_obsidian_management.ObsidianManagementTests" name="test_private_notes_require_explicit_authorization" time="0.132" /><testcase classname="tests.test_obsidian_management.ObsidianManagementTests" name="test_protected_identity_cannot_be_changed" time="0.131" /><testcase classname="tests.test_obsidian_management.ObsidianManagementTests" name="test_tag_normalization_and_limit" time="0.195" /><testcase classname="tests.test_obsidian_management.ObsidianManagementTests" name="test_unknown_command_fails_without_modifying_target" time="0.173" /><testcase classname="tests.test_opportunity_writer.OpportunityCardWriterTests" name="test_same_title_from_different_sources_does_not_collide" time="0.011" /><testcase classname="tests.test_opportunity_writer.OpportunityCardWriterTests" name="test_stable_source_id_produces_stable_file_and_memory_id" time="0.011" /><testcase classname="tests.test_p3_fixes_and_brain_status.P3FixesTests" name="test_brain_status_endpoint_returns_aggregated_snapshot" time="8.992" /><testcase classname="tests.test_p3_fixes_and_brain_status.P3FixesTests" name="test_cpu_snapshot_uses_powershell_cim_on_windows" time="0.001" /><testcase classname="tests.test_p3_fixes_and_brain_status.P3FixesTests" name="test_cuda_fallback_from_nvidia_smi_when_nvcc_absent" time="0.001" /><testcase classname="tests.test_p3_fixes_and_brain_status.P3FixesTests" name="test_cuda_still_graceful_when_both_nvcc_and_nvidia_smi_absent" time="0.001" /><testcase classname="tests.test_p3_fixes_and_brain_status.P3FixesTests" name="test_latest_tag_normalization_matches_configured_models" time="0.004" /><testcase classname="tests.test_permanent_memory_gateway.PermanentMemoryGatewayTests" name="test_agent_scope_hides_core_memory_from_other_ai" time="0.461" /><testcase classname="tests.test_permanent_memory_gateway.PermanentMemoryGatewayTests" name="test_ai_can_propose_but_cannot_directly_promote_core_memory" time="0.266" /><testcase classname="tests.test_permanent_memory_gateway.PermanentMemoryGatewayTests" name="test_context_pack_puts_core_memory_first_and_respects_budget" time="0.545" /><testcase classname="tests.test_permanent_memory_gateway.PermanentMemoryGatewayTests" name="test_permanent_memory_obsidian_ui_is_generated" time="0.204" /><testcase classname="tests.test_permanent_memory_gateway.PermanentMemoryGatewayTests" name="test_remote_ai_cannot_create_or_read_restricted_memory" time="0.442" /><testcase classname="tests.test_qdrant_semantic_provider.QdrantProviderContractTests" name="test_missing_dependency_is_reported_without_false_ready_state" time="0.001"><skipped type="pytest.skip" message="qdrant-client is installed">D:\a\lingji\lingji\tests\test_qdrant_semantic_provider.py:144: qdrant-client is installed</skipped></testcase><testcase classname="tests.test_qdrant_semantic_provider.QdrantProviderContractTests" name="test_point_id_is_stable_and_workspace_scoped" time="0.014" /><testcase classname="tests.test_qdrant_semantic_provider.QdrantProviderIntegrationTests" name="test_coverage_reports_missing_chunks" time="0.014" /><testcase classname="tests.test_qdrant_semantic_provider.QdrantProviderIntegrationTests" name="test_delete_and_delete_memory" time="0.013" /><testcase classname="tests.test_qdrant_semantic_provider.QdrantProviderIntegrationTests" name="test_dimension_mismatch_requires_rebuild" time="0.016" /><testcase classname="tests.test_qdrant_semantic_provider.QdrantProviderIntegrationTests" name="test_privacy_filter_excludes_restricted_candidates" time="0.013" /><testcase classname="tests.test_qdrant_semantic_provider.QdrantProviderIntegrationTests" name="test_upsert_search_count_exists_and_status" time="0.014" /><testcase classname="tests.test_runtime_settings.RuntimeSettingsTests" name="test_defaults_are_exposed_for_local_ui" time="0.004" /><testcase classname="tests.test_runtime_settings.RuntimeSettingsTests" name="test_invalid_override_is_rejected" time="0.003" /><testcase classname="tests.test_runtime_settings.RuntimeSettingsTests" name="test_owner_overrides_persist_and_convert_to_adapter_options" time="0.006" /><testcase classname="tests.test_runtime_settings.RuntimeSettingsTests" name="test_pipeline_uses_live_defaults_but_allows_task_override" time="0.177" /><testcase classname="tests.test_second_brain.SecondBrainTests" name="test_duplicate_chat_import_is_idempotent" time="0.026" /><testcase classname="tests.test_second_brain.SecondBrainTests" name="test_new_rule_supersedes_old_rule" time="0.039" /><testcase classname="tests.test_second_brain.SecondBrainTests" name="test_obsidian_is_chunked_without_memory_distillation" time="0.032" /><testcase classname="tests.test_second_brain.SecondBrainTests" name="test_qdrant_rebuild_from_sqlite" time="0.039" /><testcase classname="tests.test_second_brain.SecondBrainTests" name="test_required_api_routes_exist" time="0.014" /><testcase classname="tests.test_second_brain.SecondBrainTests" name="test_second_brain_is_not_in_original_start_chain" time="1.333" /><testcase classname="tests.test_semantic_runtime_wiring.SemanticRuntimeWiringTests" name="test_enabled_runtime_injects_one_provider_into_retriever_and_coordinator" time="0.171" /><testcase classname="tests.test_semantic_runtime_wiring.SemanticRuntimeWiringTests" name="test_invalid_runtime_value_does_not_break_lexical_startup" time="0.168" /><testcase classname="tests.test_semantic_runtime_wiring.SemanticRuntimeWiringTests" name="test_no_explicit_workspace_keeps_existing_production_vault_and_sqlite_paths" time="0.163" /><testcase classname="tests.test_semantic_runtime_wiring.SemanticRuntimeWiringTests" name="test_semantic_disabled_preserves_explicit_lexical_only_mode" time="0.152" /><testcase classname="tests.test_semantic_runtime_wiring.SemanticRuntimeWiringTests" name="test_semantic_initialization_failure_returns_lexical_gateway_with_warning" time="0.155" /><testcase classname="tests.test_semantic_runtime_wiring.SemanticRuntimeWiringTests" name="test_semantic_query_failure_falls_back_to_lexical_results" time="0.253" /><testcase classname="tests.test_single_vault_index.SingleVaultIndexTests" name="test_incremental_remove_uses_relative_path_not_only_filename" time="0.084" /><testcase classname="tests.test_single_vault_index.SingleVaultIndexTests" name="test_index_keeps_typed_obsidian_relations" time="0.080" /><testcase classname="tests.test_single_vault_index.SingleVaultIndexTests" name="test_index_records_folder_and_source_metadata" time="0.087" /><testcase classname="tests.test_single_vault_index.SingleVaultIndexTests" name="test_private_folder_is_excluded_from_default_index" time="0.084" /><testcase classname="tests.test_skill_registry.SkillRegistryTests" name="test_owner_status_survives_resync" time="0.082" /><testcase classname="tests.test_skill_registry.SkillRegistryTests" name="test_register_writes_manifest_not_code_copy" time="0.068" /><testcase classname="tests.test_skill_registry.SkillRegistryTests" name="test_sync_directory_reads_skill_frontmatter" time="0.072" /><testcase classname="tests.test_source_read_model.SourceReadModelTests" name="test_filters_and_list_rows_do_not_return_full_content" time="0.170" /><testcase classname="tests.test_source_read_model.SourceReadModelTests" name="test_foreign_keys_protect_links" time="0.208" /><testcase classname="tests.test_source_read_model.SourceReadModelTests" name="test_pagination_and_same_time_sort_are_stable" time="0.150" /><testcase classname="tests.test_source_read_model.SourceReadModelTests" name="test_schema_migration_is_idempotent_and_indexes_exist" time="0.147" /><testcase classname="tests.test_source_read_model.SourceReadModelTests" name="test_single_source_read_model_implementation_and_no_contract_files" time="0.137" /><testcase classname="tests.test_source_read_model.SourceReadModelTests" name="test_stable_ids_and_repeated_upsert_do_not_duplicate" time="0.191" /><testcase classname="tests.test_source_read_model.SourceReadModelTests" name="test_unknown_schema_version_is_rejected_without_downgrade" time="0.224" /><testcase classname="tests.test_source_service.SourceQueryServiceTests" name="test_agent_scope_update_is_immediate_for_inherited_children" time="0.296" /><testcase classname="tests.test_source_service.SourceQueryServiceTests" name="test_all_sensitive_query_parameter_names_are_removed" time="0.215" /><testcase classname="tests.test_source_service.SourceQueryServiceTests" name="test_detail_returns_content_only_after_explicit_request" time="0.237" /><testcase classname="tests.test_source_service.SourceQueryServiceTests" name="test_disallowed_requested_privacy_returns_empty_page" time="0.218" /><testcase classname="tests.test_source_service.SourceQueryServiceTests" name="test_explicit_child_permissions_are_not_overwritten" time="0.266" /><testcase classname="tests.test_source_service.SourceQueryServiceTests" name="test_filters_and_safe_references" time="0.190" /><testcase classname="tests.test_source_service.SourceQueryServiceTests" name="test_http_reference_removes_credentials_sensitive_query_and_fragment" time="0.238" /><testcase classname="tests.test_source_service.SourceQueryServiceTests" name="test_owner_list_uses_workspace_and_does_not_return_message_body" time="0.223" /><testcase classname="tests.test_source_service.SourceQueryServiceTests" name="test_remote_profile_cannot_read_restricted_source" time="0.219" /><testcase classname="tests.test_source_service.SourceQueryServiceTests" name="test_source_permission_tightening_updates_inherited_children" time="0.242" /><testcase classname="tests.test_startup_contracts" name="test_all_startup_entrypoints_have_main_guards" time="0.007" /><testcase classname="tests.test_startup_contracts" name="test_import_phase_does_not_start_services" time="0.007" /><testcase classname="tests.test_startup_contracts" name="test_startup_entrypoints_do_not_contain_machine_specific_paths" time="0.002" /><testcase classname="tests.test_startup_contracts" name="test_port_contract_is_owned_by_settings" time="0.002" /><testcase classname="tests.test_startup_contracts" name="test_control_api_passes_settings_host_and_port_to_uvicorn" time="0.001" /><testcase classname="tests.test_startup_contracts" name="test_mcp_entrypoint_resolves_runtime_from_settings" time="0.001" /><testcase classname="tests.test_startup_contracts" name="test_startup_files_do_not_hardcode_service_ports" time="0.001" /><testcase classname="tests.test_startup_contracts" name="test_no_startup_file_embeds_an_absolute_windows_path" time="0.002" /><testcase classname="tests.test_startup_health.StartupHealthTests" name="test_invalid_vault_blocks_start_when_strict" time="0.007" /><testcase classname="tests.test_startup_health.StartupHealthTests" name="test_optional_dependencies_degrade_without_blocking_start" time="0.007" /><testcase classname="tests.test_state_db_scheduler.StateDatabaseSchedulerTests" name="test_events_are_append_only" time="0.114" /><testcase classname="tests.test_state_db_scheduler.StateDatabaseSchedulerTests" name="test_job_does_not_run_immediately_by_default" time="0.289" /><testcase classname="tests.test_state_db_scheduler.StateDatabaseSchedulerTests" name="test_processing_hash_is_independent_from_file_index" time="0.168" /><testcase classname="tests.test_state_db_scheduler.StateDatabaseSchedulerTests" name="test_run_on_start_job_persists_success" time="0.160" /><testcase classname="tests.test_status_snapshot_wiring.StatusSnapshotWiringTests" name="test_gateway_publishes_on_startup_and_after_rebuild" time="0.238" /><testcase classname="tests.test_storage_lifecycle.StorageLifecycleTests" name="test_cold_archive_copies_verifies_and_removes_source" time="0.018" /><testcase classname="tests.test_storage_lifecycle.StorageLifecycleTests" name="test_execute_moves_to_recovery_area_and_restore_returns_file" time="0.020" /><testcase classname="tests.test_storage_lifecycle.StorageLifecycleTests" name="test_inventory_reports_categories_and_disk" time="0.011" /><testcase classname="tests.test_storage_lifecycle.StorageLifecycleTests" name="test_preview_never_includes_raw_or_vault" time="0.012" /><testcase classname="tests.test_structured_ingestion" name="test_transport_models_are_backward_compatible_and_frozen" time="0.001" /><testcase classname="tests.test_structured_ingestion" name="test_chatgpt_emits_document_and_structured_conversation_in_one_pass" time="0.003" /><testcase classname="tests.test_structured_ingestion" name="test_chatgpt_conversation_warning_is_stable_and_does_not_leak_path" time="0.004" /><testcase classname="tests.test_structured_ingestion" name="test_structured_sink_writes_safe_references_and_is_idempotency_ready" time="0.007" /><testcase classname="tests.test_structured_ingestion" name="test_real_sqlite_structured_write_is_idempotent_and_audited" time="0.308" /><testcase classname="tests.test_structured_ingestion" name="test_audit_event_failure_does_not_break_structured_write" time="0.191" /><testcase classname="tests.test_structured_ingestion" name="test_pipeline_order_is_vault_then_index_callback_then_structured_sink" time="0.308" /><testcase classname="tests.test_structured_ingestion" name="test_index_failure_is_sanitized_and_does_not_rollback_structured_data" time="0.345" /><testcase classname="tests.test_structured_ingestion" name="test_missing_memory_skips_link_without_losing_messages" time="0.002" /><testcase classname="tests.test_structured_ingestion" name="test_empty_and_failure_states_are_safe" time="0.003" /><testcase classname="tests.test_system_ui.SystemUITests" name="test_ensure_creates_bases_templates_and_centers" time="0.150" /><testcase classname="tests.test_system_ui.SystemUITests" name="test_request_inbox_captures_video_channel_note" time="0.129" /><testcase classname="tests.test_vault_layout.VaultLayoutTests" name="test_archive_source_type_ignores_date_folders" time="0.005" /><testcase classname="tests.test_vault_layout.VaultLayoutTests" name="test_ensure_creates_single_vault_tree" time="0.070" /><testcase classname="tests.test_vault_layout.VaultLayoutTests" name="test_inbox_service_writes_traceable_note" time="0.073" /><testcase classname="tests.test_vault_layout.VaultLayoutTests" name="test_private_is_not_indexed_by_default" time="0.004" /><testcase classname="tests.test_vault_layout.VaultLayoutTests" name="test_source_routes_to_matching_inbox" time="0.004" /><testcase classname="tests.test_vector_collection_migration.VectorCollectionMigrationTests" name="test_extra_target_vectors_are_rejected" time="0.099" /><testcase classname="tests.test_vector_collection_migration.VectorCollectionMigrationTests" name="test_model_latest_tag_is_considered_same_model" time="0.098" /><testcase classname="tests.test_vector_collection_migration.VectorCollectionMigrationTests" name="test_partial_coverage_is_rejected_and_failure_manifest_is_written" time="0.095" /><testcase classname="tests.test_vector_collection_migration.VectorCollectionMigrationTests" name="test_plan_rejects_active_collection" time="0.092" /><testcase classname="tests.test_vector_collection_migration.VectorCollectionMigrationTests" name="test_plan_rejects_empty_canonical_index" time="0.136" /><testcase classname="tests.test_vector_collection_migration.VectorCollectionMigrationTests" name="test_short_upsert_result_is_rejected" time="0.090" /><testcase classname="tests.test_vector_collection_migration.VectorCollectionMigrationTests" name="test_validated_candidate_writes_manifest_and_switch_contract" time="0.090" /><testcase classname="tests.test_vector_collection_migration.VectorCollectionMigrationTests" name="test_wrong_active_model_is_rejected" time="0.130" /><testcase classname="tests.test_web_capture.WebCaptureTests" name="test_html_metadata_and_text_extraction" time="0.139" /><testcase classname="tests.test_web_capture.WebCaptureTests" name="test_metadata_only_capture_requests_review" time="0.127" /><testcase classname="tests.test_web_capture.WebCaptureTests" name="test_sensitive_web_capture_goes_to_private_imports" time="0.125" /><testcase classname="tests.test_web_capture.WebCaptureTests" name="test_video_channel_payload_is_routed_and_indexed" time="0.129" /><testcase classname="tests.test_workspace_contract.WorkspaceContractTests" name="test_acceptance_cannot_reuse_production_vault" time="0.048" /><testcase classname="tests.test_workspace_contract.WorkspaceContractTests" name="test_case_and_dotdot_aliases_are_rejected" time="0.041" /><testcase classname="tests.test_workspace_contract.WorkspaceContractTests" name="test_default_backup_path_is_storage_backups" time="0.005" /><testcase classname="tests.test_workspace_contract.WorkspaceContractTests" name="test_default_workspaces_are_physically_isolated_and_serializable" time="0.048" /><testcase classname="tests.test_workspace_contract.WorkspaceContractTests" name="test_equal_or_nested_paths_fail_isolation" time="0.043" /><testcase classname="tests.test_workspace_contract.WorkspaceContractTests" name="test_remote_qdrant_url_may_be_shared_but_collection_must_differ" time="0.078" /><testcase classname="tests.test_workspace_contract.WorkspaceContractTests" name="test_resolution_precedence_is_override_then_environment_then_settings" time="0.009" /><testcase classname="tests.test_workspace_contract.WorkspaceContractTests" name="test_settings_backup_environment_override_remains_compatible" time="0.007" /><testcase classname="tests.test_workspace_contract.WorkspaceContractTests" name="test_settings_backup_path_defaults_to_legacy_storage_backups" time="0.005" /><testcase classname="tests.test_workspace_contract.WorkspaceContractTests" name="test_settings_backup_path_preserves_explicit_relative_and_absolute_values" time="0.007" /><testcase classname="tests.test_workspace_contract.WorkspaceContractTests" name="test_settings_default_contains_no_machine_specific_backup_path" time="0.004" /><testcase classname="tests.test_workspace_contract.WorkspaceContractTests" name="test_unknown_workspace_fails_instead_of_falling_back" time="0.003" /><testcase classname="tests.test_workspace_contract.WorkspaceContractTests" name="test_windows_system_drive_is_rejected_before_any_write" time="0.003" /><testcase classname="tests.test_workspace_contract.WorkspaceContractTests" name="test_workspace_backup_environment_override" time="0.005" /></testsuite></testsuites>